
------print_image_10x10_int_bit_decompose-----------
100 100 100 100 100 100 100 100 100 100 100 100 100 100 100 100 011 101 100 011 100 100 100 100 100 100 100 011 
100 100 100 100 100 100 100 011 100 100 100 100 100 100 100 100 100 100 100 100 100 101 101 100 100 100 100 100 
100 100 101 100 011 100 100 100 100 100 100 100 100 100 100 101 100 100 100 100 100 100 011 100 100 100 100 100 
100 100 100 100 100 100 100 100 100 100 100 100 100 101 101 100 101 100 100 100 100 100 100 100 100 101 100 100 
100 100 100 100 100 100 011 100 100 100 100 100 100 100 011 100 100 100 100 100 100 011 100 100 100 100 100 100 
100 101 100 100 100 100 100 100 101 100 100 100 100 100 100 100 101 011 100 100 100 100 101 011 100 100 100 100 
101 100 101 100 101 101 101 100 100 100 101 011 100 101 100 011 101 011 011 100 100 011 100 100 100 100 100 100 
011 011 101 100 011 100 100 100 100 100 100 100 011 100 100 100 100 100 100 100 100 100 100 100 100 100 100 100 
100 011 100 100 011 100 100 100 100 100 100 100 100 011 011 011 100 101 011 100 101 011 100 100 100 100 100 100 
100 100 100 101 100 100 100 101 100 100 100 100 100 100 100 011 101 100 100 100 100 011 100 100 100 100 100 011 
100 011 100 100 101 100 011 100 100 101 100 100 100 101 100 100 100 100 011 101 101 100 100 100 100 100 101 100 
100 011 100 100 101 100 100 011 100 100 100 100 100 100 100 100 100 100 100 100 100 011 100 101 011 100 100 011 
100 100 100 100 100 100 100 100 011 100 100 100 100 101 100 100 011 011 100 100 100 100 100 100 101 100 100 100 
100 100 011 011 100 100 011 100 011 011 011 100 100 100 011 100 100 011 011 011 100 100 100 100 100 100 100 100 
100 100 100 101 101 100 101 100 011 100 100 011 100 100 100 100 011 100 100 100 100 100 100 100 100 100 011 100 
100 100 100 011 100 100 011 100 100 100 100 011 100 100 100 011 100 100 100 100 011 100 100 100 100 100 100 100 
100 100 011 100 100 100 100 011 100 100 100 100 100 100 011 100 100 100 101 011 100 101 100 100 100 100 100 100 
100 011 100 100 100 100 100 100 100 100 101 100 100 100 011 100 100 100 011 100 100 100 100 100 100 100 100 100 
100 100 100 101 100 100 100 100 101 100 100 100 100 100 100 101 100 100 011 100 101 100 100 100 100 100 100 100 
100 100 100 100 100 011 100 101 100 011 100 100 100 011 100 100 011 100 100 100 100 100 100 100 100 100 100 100 
100 100 101 100 101 100 100 100 100 100 100 100 011 100 011 100 100 100 100 100 101 100 100 100 100 011 101 011 
101 100 100 100 100 100 100 100 100 101 011 101 100 100 100 101 100 100 100 100 100 100 100 100 100 100 100 100 
100 011 101 100 100 100 100 100 100 100 100 100 100 100 100 101 100 101 100 100 100 100 101 100 100 101 011 101 
100 100 100 100 100 101 100 100 100 011 100 101 100 011 100 101 100 100 100 100 100 100 100 100 100 100 100 101 
100 100 100 101 100 100 100 100 100 100 100 100 101 100 100 011 100 100 101 101 100 100 100 100 100 100 100 100 
100 100 100 100 011 101 100 100 101 100 101 100 100 100 100 100 100 100 100 100 100 011 101 011 100 101 100 101 
100 100 100 100 100 100 100 100 100 100 100 100 100 100 100 100 100 100 100 100 101 100 100 100 100 100 100 100 
100 100 100 100 100 100 100 101 100 100 100 100 101 100 100 100 100 100 100 101 100 100 100 100 100 100 100 100 
=========================================
Finished running!
